<?xml version="1.0" encoding="UTF-8"?>
<testsuite name="dsa.upc.edu.talesofeetacclient.ExampleUnitTest" tests="1" skipped="0" failures="0" errors="0" timestamp="2018-01-17T17:42:03" hostname="PerryManson" time="0.0">
  <properties/>
  <testcase name="addition_isCorrect" classname="dsa.upc.edu.talesofeetacclient.ExampleUnitTest" time="0.0"/>
  <system-out><![CDATA[]]></system-out>
  <system-err><![CDATA[]]></system-err>
</testsuite>
